./dhusget.sh: line 214: export: add_offline_product_to_list: not a function
--2020-05-15 16:25:20--  https://s5phub.copernicus.eu/dhus/search?q=%20producttype:L2__CH4___%20AND%20%20beginPosition:[2018-04-01T00:00:00.000Z%20TO%202020-04-01T00:00:00.000Z]%20%20&rows=100&start=0
Resolving s5phub.copernicus.eu (s5phub.copernicus.eu)... 195.251.26.46
Connecting to s5phub.copernicus.eu (s5phub.copernicus.eu)|195.251.26.46|:443... connected.
HTTP request sent, awaiting response... 401 Unauthorized
Reusing existing connection to s5phub.copernicus.eu:443.
HTTP request sent, awaiting response... 200 OK
Length: unspecified [application/xml]
Saving to: ‘OSquery-result.xml’

     0K .......... .......... .......... .......... ..........  206K
    50K .......... .......... .......... .......... ..........  413K
   100K .......... .......... .......... .......... ..........  414K
   150K .......... .......... .......... .......... ..........  413K
   200K .......... .......... .......... .......... ..........  414K
   250K .......... .......... .......... .......... .......... 51.3M
   300K .......... .......... .......... .......... ..........  414K
   350K .......... .......... .......... .......... ..........  414K
   400K .......... .......... .......... .......... .......... 46.6M
   450K .......... .......... .......... .......... .......... 52.9M
   500K .......... .......... .......... .......... ..........  420K
   550K .......... .......... .......... .......... .......... 42.5M
   600K .......... .......... .......... .......... .......... 48.8M
   650K .......... .......... .......... .......... .......... 52.9M
   700K .......... .......... .......... .......... ..........  426K
   750K .......... .......... .......... .......... .......... 49.2M
   800K .......... .......... .......... .......... .......... 45.7M
   850K .......... .......... .......... .......... .......... 49.0M
   900K .......... .......... .......... .......... .......... 48.8M
   950K .......... .......... .......... .......... .......... 44.6M
  1000K .......... .......... .......... .......... .......... 49.3M
  1050K .......... .......... .......... .......... .......... 52.8M
  1100K .......... .......... .......... .......... .......... 52.4M
  1150K .......... .......... .......... .......... .......... 52.6M
  1200K .......... .......... .......... .......... .......... 47.9M
  1250K .......... .......... .......... .......... ..........  449K
  1300K .......... .......... .......... .......... .......... 43.5M
  1350K .......... .......... .......... .......... .......... 51.6M
  1400K .......... .......... .......... .......... .......... 48.0M
  1450K .......... .......... .......... .......... .......... 52.4M
  1500K .......... .......... .......... .........             54.0M=1.3s

2020-05-15 16:25:22 (1.12 MB/s) - ‘OSquery-result.xml’ saved [1576164]

./dhusget.sh: line 214: export: add_offline_product_to_list: not a function
--2020-05-15 16:36:42--  https://s5phub.copernicus.eu/dhus/search?q=%20producttype:L2__CH4___%20AND%20%20beginPosition:[2018-04-01T00:00:00.000Z%20TO%202020-04-01T00:00:00.000Z]%20%20&rows=100&start=100
Resolving s5phub.copernicus.eu (s5phub.copernicus.eu)... 195.251.26.46
Connecting to s5phub.copernicus.eu (s5phub.copernicus.eu)|195.251.26.46|:443... connected.
HTTP request sent, awaiting response... 401 Unauthorized
Reusing existing connection to s5phub.copernicus.eu:443.
HTTP request sent, awaiting response... 200 OK
Length: unspecified [application/xml]
Saving to: ‘OSquery-result.xml’

     0K .......... .......... .......... .......... ..........  205K
    50K .......... .......... .......... .......... ..........  409K
   100K .......... .......... .......... .......... ..........  410K
   150K .......... .......... .......... .......... .......... 47.2M
   200K .......... .......... .......... .......... .......... 47.3M
   250K .......... .......... .......... .......... ..........  415K
   300K .......... .......... .......... .......... .......... 49.8M
   350K .......... .......... .......... .......... .......... 51.3M
   400K .......... .......... .......... .......... .......... 41.8M
   450K .......... .......... .......... .......... .......... 52.8M
   500K .......... .......... .......... .......... ..........  424K
   550K .......... .......... .......... .......... .......... 50.8M
   600K .......... .......... .......... .......... .......... 47.4M
   650K .......... .......... .......... .......... .......... 51.7M
   700K .......... .......... .......... .......... .......... 52.4M
   750K .......... .......... .......... .......... .......... 45.2M
   800K .......... .......... .......... .......... .......... 49.3M
   850K .......... .......... .......... .......... ..........  434K
   900K .......... .......... .......... .......... .......... 50.3M
   950K .......... .......... .......... .......... .......... 52.7M
  1000K .......... .......... .......... .......... .......... 46.8M
  1050K .......... .......... .......... .......... .......... 51.1M
  1100K .......... .......... .......... .......... .......... 50.6M
  1150K .......... .......... .......... .......... .......... 44.7M
  1200K .......... .......... .......... .......... .......... 49.6M
  1250K .......... .......... .......... .......... .......... 52.5M
  1300K .......... .......... .......... .......... .......... 52.6M
  1350K .......... .......... .......... .......... .......... 52.7M
  1400K .......... .......... .......... .......... .......... 48.0M
  1450K .......... .......... .......... .......... .......... 53.2M
  1500K .......... .......... .......... .......... .          54.5M=0.9s

2020-05-15 16:36:44 (1.74 MB/s) - ‘OSquery-result.xml’ saved [1578993]

./dhusget.sh: line 214: export: add_offline_product_to_list: not a function
--2020-05-15 16:53:55--  https://s5phub.copernicus.eu/dhus/search?q=%20producttype:L2__CH4___%20AND%20%20beginPosition:[2018-04-01T00:00:00.000Z%20TO%202020-04-01T00:00:00.000Z]%20%20&rows=100&start=200
Resolving s5phub.copernicus.eu (s5phub.copernicus.eu)... 195.251.26.46
Connecting to s5phub.copernicus.eu (s5phub.copernicus.eu)|195.251.26.46|:443... connected.
HTTP request sent, awaiting response... 401 Unauthorized
Reusing existing connection to s5phub.copernicus.eu:443.
HTTP request sent, awaiting response... 200 OK
Length: unspecified [application/xml]
Saving to: ‘OSquery-result.xml’

     0K .......... .......... .......... .......... ..........  203K
    50K .......... .......... .......... .......... ..........  407K
   100K .......... .......... .......... .......... ..........  407K
   150K .......... .......... .......... .......... .......... 45.5M
   200K .......... .......... .......... .......... ..........  398K
   250K .......... .......... .......... .......... ..........  417K
   300K .......... .......... .......... .......... ..........  408K
   350K .......... .......... .......... .......... ..........  408K
   400K .......... .......... .......... .......... ..........  407K
   450K .......... .......... .......... .......... .......... 41.3M
   500K .......... .......... .......... .......... ..........  408K
   550K .......... .......... .......... .......... ..........  408K
   600K .......... .......... .......... .......... ..........  408K
   650K .......... .......... .......... .......... .......... 46.6M
   700K .......... .......... .......... .......... ..........  408K
   750K .......... .......... .......... .......... ..........  407K
   800K .......... .......... .......... .......... ..........  407K
   850K .......... .......... .......... .......... ..........  408K
   900K .......... .......... .......... .......... .......... 47.9M
   950K .......... .......... .......... .......... ..........  407K
  1000K .......... .......... .......... .......... ..........  398K
  1050K .......... .......... .......... .......... ..........  417K
  1100K .......... .......... .......... .......... ..........  407K
  1150K .......... .......... .......... .......... ..........  407K
  1200K .......... .......... .......... .......... ..........  407K
  1250K .......... .......... .......... .......... ..........  407K
  1300K .......... .......... .......... .......... ..........  408K
  1350K .......... .......... .......... .......... .......... 48.2M
  1400K .......... .......... .......... .......... ..........  397K
  1450K .......... .......... .......... .......... ..........  417K
  1500K .......... .......... .......... .......... ..          347K=3.3s

2020-05-15 16:53:59 (465 KB/s) - ‘OSquery-result.xml’ saved [1579497]

./dhusget.sh: line 214: export: add_offline_product_to_list: not a function
--2020-05-15 17:05:00--  https://s5phub.copernicus.eu/dhus/search?q=%20producttype:L2__CH4___%20AND%20%20beginPosition:[2018-04-01T00:00:00.000Z%20TO%202020-04-01T00:00:00.000Z]%20%20&rows=100&start=300
Resolving s5phub.copernicus.eu (s5phub.copernicus.eu)... 195.251.26.46
Connecting to s5phub.copernicus.eu (s5phub.copernicus.eu)|195.251.26.46|:443... connected.
HTTP request sent, awaiting response... 401 Unauthorized
Reusing existing connection to s5phub.copernicus.eu:443.
HTTP request sent, awaiting response... 200 OK
Length: unspecified [application/xml]
Saving to: ‘OSquery-result.xml’

     0K .......... .......... .......... .......... ..........  119K
    50K .......... .......... .......... .......... ..........  291K
   100K .......... .......... .......... .......... .......... 48.4M
   150K .......... .......... .......... .......... ..........  120K
   200K .......... .......... .......... .......... .......... 44.7M
   250K .......... .......... .......... .......... .......... 50.4M
   300K .......... .......... .......... .......... .......... 51.3M
   350K .......... .......... .......... .......... .......... 51.6M
   400K .......... .......... .......... .......... ..........  394K
   450K .......... .......... .......... .......... .......... 12.9M
   500K .......... .......... .......... .......... .......... 49.0M
   550K .......... .......... .......... .......... .......... 43.9M
   600K .......... .......... .......... .......... .......... 48.0M
   650K .......... .......... .......... .......... .......... 50.5M
   700K .......... .......... .......... .......... .......... 13.1M
   750K .......... .......... .......... .......... .......... 55.9M
   800K .......... .......... .......... .......... ..........  455K
   850K .......... .......... .......... .......... .......... 52.2M
   900K .......... .......... .......... .......... .......... 12.8M
   950K .......... .......... .......... .......... .......... 42.5M
  1000K .......... .......... .......... .......... .......... 47.8M
  1050K .......... .......... .......... .......... .......... 51.0M
  1100K .......... .......... .......... .......... .......... 12.8M
  1150K .......... .......... .......... .......... .......... 56.1M
  1200K .......... .......... .......... .......... .......... 51.3M
  1250K .......... .......... .......... .......... .......... 56.0M
  1300K .......... .......... .......... .......... .......... 12.9M
  1350K .......... .......... .......... .......... .......... 56.1M
  1400K .......... .......... .......... .......... .......... 52.8M
  1450K .......... .......... .......... .......... .......... 55.8M
  1500K .......... .......... .......... .......... ..          416K=1.4s

2020-05-15 17:05:02 (1.09 MB/s) - ‘OSquery-result.xml’ saved [1579761]

./dhusget.sh: line 214: export: add_offline_product_to_list: not a function
--2020-05-15 17:24:01--  https://s5phub.copernicus.eu/dhus/search?q=%20producttype:L2__CH4___%20AND%20%20beginPosition:[2018-04-01T00:00:00.000Z%20TO%202020-04-01T00:00:00.000Z]%20%20&rows=100&start=400
Resolving s5phub.copernicus.eu (s5phub.copernicus.eu)... 195.251.26.46
Connecting to s5phub.copernicus.eu (s5phub.copernicus.eu)|195.251.26.46|:443... connected.
HTTP request sent, awaiting response... 401 Unauthorized
Reusing existing connection to s5phub.copernicus.eu:443.
HTTP request sent, awaiting response... 200 OK
Length: unspecified [application/xml]
Saving to: ‘OSquery-result.xml’

     0K .......... .......... .......... .......... ..........  201K
    50K .......... .......... .......... .......... ..........  404K
   100K .......... .......... .......... .......... .......... 45.9M
   150K .......... .......... .......... .......... .......... 51.9M
   200K .......... .......... .......... .......... ..........  407K
   250K .......... .......... .......... .......... .......... 49.1M
   300K .......... .......... .......... .......... .......... 51.3M
   350K .......... .......... .......... .......... .......... 51.4M
   400K .......... .......... .......... .......... ..........  403K
   450K .......... .......... .......... .......... .......... 50.6M
   500K .......... .......... .......... .......... .......... 52.0M
   550K .......... .......... .......... .......... .......... 52.1M
   600K .......... .......... .......... .......... .......... 46.8M
   650K .......... .......... .......... .......... .......... 13.1M
   700K .......... .......... .......... .......... .......... 56.4M
   750K .......... .......... .......... .......... .......... 48.9M
   800K .......... .......... .......... .......... ..........  449K
   850K .......... .......... .......... .......... .......... 13.0M
   900K .......... .......... .......... .......... .......... 51.8M
   950K .......... .......... .......... .......... .......... 52.4M
  1000K .......... .......... .......... .......... .......... 47.5M
  1050K .......... .......... .......... .......... ..........  427K
  1100K .......... .......... .......... .......... .......... 50.8M
  1150K .......... .......... .......... .......... .......... 45.4M
  1200K .......... .......... .......... .......... .......... 49.3M
  1250K .......... .......... .......... .......... .......... 12.8M
  1300K .......... .......... .......... .......... .......... 52.6M
  1350K .......... .......... .......... .......... .......... 53.6M
  1400K .......... .......... .......... .......... .......... 48.6M
  1450K .......... .......... .......... .......... .......... 52.7M
  1500K .......... .......... .......... ..........            11.3M=0.9s

2020-05-15 17:24:02 (1.70 MB/s) - ‘OSquery-result.xml’ saved [1577627]

./dhusget.sh: line 214: export: add_offline_product_to_list: not a function
--2020-05-15 17:35:23--  https://s5phub.copernicus.eu/dhus/search?q=%20producttype:L2__CH4___%20AND%20%20beginPosition:[2018-04-01T00:00:00.000Z%20TO%202020-04-01T00:00:00.000Z]%20%20&rows=100&start=500
Resolving s5phub.copernicus.eu (s5phub.copernicus.eu)... 195.251.26.46
Connecting to s5phub.copernicus.eu (s5phub.copernicus.eu)|195.251.26.46|:443... connected.
HTTP request sent, awaiting response... 401 Unauthorized
Reusing existing connection to s5phub.copernicus.eu:443.
HTTP request sent, awaiting response... 200 OK
Length: unspecified [application/xml]
Saving to: ‘OSquery-result.xml’

     0K .......... .......... .......... .......... ..........  409K
    50K .......... .......... .......... .......... ..........  411K
   100K .......... .......... .......... .......... .......... 11.2M
   150K .......... .......... .......... .......... ..........  423K
   200K .......... .......... .......... .......... ..........  411K
   250K .......... .......... .......... .......... ..........  411K
   300K .......... .......... .......... .......... .......... 49.9M
   350K .......... .......... .......... .......... ..........  410K
   400K .......... .......... .......... .......... ..........  407K
   450K .......... .......... .......... .......... ..........  411K
   500K .......... .......... .......... .......... ..........  411K
   550K .......... .......... .......... .......... ..........  409K
   600K .......... .......... .......... .......... .......... 24.9M
   650K .......... .......... .......... .......... ..........  403K
   700K .......... .......... .......... .......... ..........  412K
   750K .......... .......... .......... .......... ..........  420K
   800K .......... .......... .......... .......... ..........  411K
   850K .......... .......... .......... .......... .......... 13.8M
   900K .......... .......... .......... .......... ..........  411K
   950K .......... .......... .......... .......... ..........  416K
  1000K .......... .......... .......... .......... ..........  411K
  1050K .......... .......... .......... .......... .......... 12.6M
  1100K .......... .......... .......... .......... ..........  410K
  1150K .......... .......... .......... .......... ..........  411K
  1200K .......... .......... .......... .......... ..........  421K
  1250K .......... .......... .......... .......... ..........  411K
  1300K .......... .......... .......... .......... .......... 12.3M
  1350K .......... .......... .......... .......... ..........  411K
  1400K .......... .......... .......... .......... ..........  421K
  1450K .......... .......... .......... .......... ..........  411K
  1500K .......... .......... .......... .......... .          10.5M=2.9s

2020-05-15 17:35:27 (525 KB/s) - ‘OSquery-result.xml’ saved [1578013]

./dhusget.sh: line 214: export: add_offline_product_to_list: not a function
--2020-05-15 17:46:54--  https://s5phub.copernicus.eu/dhus/search?q=%20producttype:L2__CH4___%20AND%20%20beginPosition:[2018-04-01T00:00:00.000Z%20TO%202020-04-01T00:00:00.000Z]%20%20&rows=100&start=600
Resolving s5phub.copernicus.eu (s5phub.copernicus.eu)... 195.251.26.46
Connecting to s5phub.copernicus.eu (s5phub.copernicus.eu)|195.251.26.46|:443... connected.
HTTP request sent, awaiting response... 401 Unauthorized
Reusing existing connection to s5phub.copernicus.eu:443.
HTTP request sent, awaiting response... 200 OK
Length: unspecified [application/xml]
Saving to: ‘OSquery-result.xml’

     0K .......... .......... .......... .......... ..........  204K
    50K .......... .......... .......... .......... ..........  409K
   100K .......... .......... .......... .......... .......... 50.0M
   150K .......... .......... .......... .......... ..........  409K
   200K .......... .......... .......... .......... ..........  409K
   250K .......... .......... .......... .......... ..........  410K
   300K .......... .......... .......... .......... ..........  410K
   350K .......... .......... .......... .......... .......... 42.4M
   400K .......... .......... .......... .......... ..........  409K
   450K .......... .......... .......... .......... ..........  411K
   500K .......... .......... .......... .......... ..........  410K
   550K .......... .......... .......... .......... ..........  409K
   600K .......... .......... .......... .......... .......... 37.2M
   650K .......... .......... .......... .......... ..........  410K
   700K .......... .......... .......... .......... ..........  411K
   750K .......... .......... .......... .......... ..........  410K
   800K .......... .......... .......... .......... .......... 12.0M
   850K .......... .......... .......... .......... ..........  411K
   900K .......... .......... .......... .......... ..........  416K
   950K .......... .......... .......... .......... ..........  406K
  1000K .......... .......... .......... .......... ..........  406K
  1050K .......... .......... .......... .......... .......... 14.6M
  1100K .......... .......... .......... .......... ..........  407K
  1150K .......... .......... .......... .......... ..........  405K
  1200K .......... .......... .......... .......... ..........  417K
  1250K .......... .......... .......... .......... .......... 13.5M
  1300K .......... .......... .......... .......... ..........  405K
  1350K .......... .......... .......... .......... ..........  407K
  1400K .......... .......... .......... .......... ..........  417K
  1450K .......... .......... .......... .......... ..........  407K
  1500K .......... .......... .......... ....                  9.45M=3.1s

2020-05-15 17:46:58 (500 KB/s) - ‘OSquery-result.xml’ saved [1571193]

./dhusget.sh: line 214: export: add_offline_product_to_list: not a function
--2020-05-15 17:54:18--  https://s5phub.copernicus.eu/dhus/search?q=%20producttype:L2__CH4___%20AND%20%20beginPosition:[2018-04-01T00:00:00.000Z%20TO%202020-04-01T00:00:00.000Z]%20%20&rows=100&start=700
Resolving s5phub.copernicus.eu (s5phub.copernicus.eu)... 195.251.26.46
Connecting to s5phub.copernicus.eu (s5phub.copernicus.eu)|195.251.26.46|:443... connected.
HTTP request sent, awaiting response... 401 Unauthorized
Reusing existing connection to s5phub.copernicus.eu:443.
HTTP request sent, awaiting response... 200 OK
Length: unspecified [application/xml]
Saving to: ‘OSquery-result.xml’

     0K .......... .......... .......... .......... ..........  201K
    50K .......... .......... .......... .......... ..........  403K
   100K .......... .......... .......... .......... .......... 49.0M
   150K .......... .......... .......... .......... ..........  407K
   200K .......... .......... .......... .......... .......... 45.4M
   250K .......... .......... .......... .......... .......... 52.4M
   300K .......... .......... .......... .......... .......... 52.6M
   350K .......... .......... .......... .......... ..........  411K
   400K .......... .......... .......... .......... .......... 46.0M
   450K .......... .......... .......... .......... .......... 50.5M
   500K .......... .......... .......... .......... .......... 49.6M
   550K .......... .......... .......... .......... .......... 38.5M
   600K .......... .......... .......... .......... .......... 49.5M
   650K .......... .......... .......... .......... .......... 52.4M
   700K .......... .......... .......... .......... .......... 12.7M
   750K .......... .......... .......... .......... ..........  440K
   800K .......... .......... .......... .......... .......... 44.5M
   850K .......... .......... .......... .......... .......... 52.9M
   900K .......... .......... .......... .......... .......... 52.1M
   950K .......... .......... .......... .......... .......... 45.1M
  1000K .......... .......... .......... .......... .......... 40.9M
  1050K .......... .......... .......... .......... .......... 53.0M
  1100K .......... .......... .......... .......... .......... 52.7M
  1150K .......... .......... .......... .......... .......... 13.1M
  1200K .......... .......... .......... .......... .......... 48.4M
  1250K .......... .......... .......... .......... .......... 56.7M
  1300K .......... .......... .......... .......... .......... 48.6M
  1350K .......... .......... .......... .......... ..........  450K
  1400K .......... .......... .......... .......... .......... 47.6M
  1450K .......... .......... .......... .......... .......... 52.1M
  1500K .......... .......... ...                              39.6M=0.9s

2020-05-15 17:54:20 (1.71 MB/s) - ‘OSquery-result.xml’ saved [1559564]

./dhusget.sh: line 214: export: add_offline_product_to_list: not a function
--2020-05-15 18:00:26--  https://s5phub.copernicus.eu/dhus/search?q=%20producttype:L2__CH4___%20AND%20%20beginPosition:[2018-04-01T00:00:00.000Z%20TO%202020-04-01T00:00:00.000Z]%20%20&rows=100&start=800
Resolving s5phub.copernicus.eu (s5phub.copernicus.eu)... 195.251.26.46
Connecting to s5phub.copernicus.eu (s5phub.copernicus.eu)|195.251.26.46|:443... connected.
HTTP request sent, awaiting response... 401 Unauthorized
Reusing existing connection to s5phub.copernicus.eu:443.
HTTP request sent, awaiting response... 200 OK
Length: unspecified [application/xml]
Saving to: ‘OSquery-result.xml’

     0K .......... .......... .......... .......... ..........  201K
    50K .......... .......... .......... .......... ..........  405K
   100K .......... .......... .......... .......... .......... 46.8M
   150K .......... .......... .......... .......... .......... 52.1M
   200K .......... .......... .......... .......... ..........  407K
   250K .......... .......... .......... .......... .......... 50.9M
   300K .......... .......... .......... .......... .......... 53.4M
   350K .......... .......... .......... .......... ..........  411K
   400K .......... .......... .......... .......... .......... 45.7M
   450K .......... .......... .......... .......... .......... 50.3M
   500K .......... .......... .......... .......... .......... 49.0M
   550K .......... .......... .......... .......... .......... 52.7M
   600K .......... .......... .......... .......... .......... 48.3M
   650K .......... .......... .......... .......... .......... 11.2M
   700K .......... .......... .......... .......... .......... 53.3M
   750K .......... .......... .......... .......... ..........  439K
   800K .......... .......... .......... .......... .......... 47.3M
   850K .......... .......... .......... .......... .......... 10.6M
   900K .......... .......... .......... .......... .......... 57.7M
   950K .......... .......... .......... .......... .......... 56.7M
  1000K .......... .......... .......... .......... .......... 51.4M
  1050K .......... .......... .......... .......... .......... 13.3M
  1100K .......... .......... .......... .......... .......... 49.2M
  1150K .......... .......... .......... .......... .......... 56.7M
  1200K .......... .......... .......... .......... .......... 52.7M
  1250K .......... .......... .......... .......... .......... 13.0M
  1300K .......... .......... .......... .......... .......... 57.3M
  1350K .......... .......... .......... .......... ..........  480K
  1400K .......... .......... .......... .......... .......... 46.3M
  1450K .......... .......... .......... .......... .......... 12.5M
  1500K .......... .......... .......... .........             47.9M=0.9s

2020-05-15 18:00:28 (1.72 MB/s) - ‘OSquery-result.xml’ saved [1576159]

./dhusget.sh: line 214: export: add_offline_product_to_list: not a function
--2020-05-15 18:08:44--  https://s5phub.copernicus.eu/dhus/search?q=%20producttype:L2__CH4___%20AND%20%20beginPosition:[2018-04-01T00:00:00.000Z%20TO%202020-04-01T00:00:00.000Z]%20%20&rows=100&start=900
Resolving s5phub.copernicus.eu (s5phub.copernicus.eu)... 195.251.26.46
Connecting to s5phub.copernicus.eu (s5phub.copernicus.eu)|195.251.26.46|:443... connected.
HTTP request sent, awaiting response... 401 Unauthorized
Reusing existing connection to s5phub.copernicus.eu:443.
HTTP request sent, awaiting response... 200 OK
Length: unspecified [application/xml]
Saving to: ‘OSquery-result.xml’

     0K .......... .......... .......... .......... ..........  201K
    50K .......... .......... .......... .......... ..........  404K
   100K .......... .......... .......... .......... .......... 48.8M
   150K .......... .......... .......... .......... ..........  407K
   200K .......... .......... .......... .......... .......... 45.1M
   250K .......... .......... .......... .......... .......... 51.3M
   300K .......... .......... .......... .......... .......... 52.0M
   350K .......... .......... .......... .......... ..........  412K
   400K .......... .......... .......... .......... .......... 45.4M
   450K .......... .......... .......... .......... .......... 49.3M
   500K .......... .......... .......... .......... .......... 50.1M
   550K .......... .......... .......... .......... .......... 44.0M
   600K .......... .......... .......... .......... .......... 48.9M
   650K .......... .......... .......... .......... .......... 52.0M
   700K .......... .......... .......... .......... .......... 51.9M
   750K .......... .......... .......... .......... ..........  428K
   800K .......... .......... .......... .......... .......... 46.6M
   850K .......... .......... .......... .......... .......... 51.5M
   900K .......... .......... .......... .......... .......... 51.5M
   950K .......... .......... .......... .......... .......... 44.5M
  1000K .......... .......... .......... .......... .......... 48.1M
  1050K .......... .......... .......... .......... .......... 52.5M
  1100K .......... .......... .......... .......... .......... 51.8M
  1150K .......... .......... .......... .......... .......... 52.2M
  1200K .......... .......... .......... .......... .......... 47.5M
  1250K .......... .......... .......... .......... .......... 52.0M
  1300K .......... .......... .......... .......... .......... 45.1M
  1350K .......... .......... .......... .......... ..........  441K
  1400K .......... .......... .......... .......... .......... 47.5M
  1450K .......... .......... .......... .......... .......... 52.1M
  1500K .......... .......... .......... .......... ......     50.2M=0.9s

2020-05-15 18:08:46 (1.73 MB/s) - ‘OSquery-result.xml’ saved [1583299]

./dhusget.sh: line 214: export: add_offline_product_to_list: not a function
--2020-05-15 18:37:09--  https://s5phub.copernicus.eu/dhus/search?q=%20producttype:L2__CH4___%20AND%20%20beginPosition:[2018-04-01T00:00:00.000Z%20TO%202020-04-01T00:00:00.000Z]%20%20&rows=100&start=1000
Resolving s5phub.copernicus.eu (s5phub.copernicus.eu)... 195.251.26.46
Connecting to s5phub.copernicus.eu (s5phub.copernicus.eu)|195.251.26.46|:443... connected.
HTTP request sent, awaiting response... 401 Unauthorized
Reusing existing connection to s5phub.copernicus.eu:443.
HTTP request sent, awaiting response... 200 OK
Length: unspecified [application/xml]
Saving to: ‘OSquery-result.xml’

     0K .......... .......... .......... .......... ..........  205K
    50K .......... .......... .......... .......... ..........  411K
   100K .......... .......... .......... .......... .......... 47.1M
   150K .......... .......... .......... .......... .......... 56.9M
   200K .......... .......... .......... .......... ..........  414K
   250K .......... .......... .......... .......... .......... 52.5M
   300K .......... .......... .......... .......... .......... 56.3M
   350K .......... .......... .......... .......... ..........  418K
   400K .......... .......... .......... .......... .......... 40.9M
   450K .......... .......... .......... .......... .......... 45.7M
   500K .......... .......... .......... .......... .......... 48.5M
   550K .......... .......... .......... .......... .......... 53.7M
   600K .......... .......... .......... .......... .......... 48.9M
   650K .......... .......... .......... .......... .......... 53.0M
   700K .......... .......... .......... .......... .......... 53.1M
   750K .......... .......... .......... .......... ..........  435K
   800K .......... .......... .......... .......... .......... 41.0M
   850K .......... .......... .......... .......... .......... 45.2M
   900K .......... .......... .......... .......... .......... 43.9M
   950K .......... .......... .......... .......... .......... 44.2M
  1000K .......... .......... .......... .......... .......... 46.9M
  1050K .......... .......... .......... .......... .......... 53.2M
  1100K .......... .......... .......... .......... .......... 46.4M
  1150K .......... .......... .......... .......... .......... 53.1M
  1200K .......... .......... .......... .......... .......... 50.2M
  1250K .......... .......... .......... .......... .......... 53.7M
  1300K .......... .......... .......... .......... .......... 53.1M
  1350K .......... .......... .......... .......... ..........  452K
  1400K .......... .......... .......... .......... .......... 43.4M
  1450K .......... .......... .......... .......... .......... 53.2M
  1500K .......... .......... .......... .......... .......    51.1M=0.9s

2020-05-15 18:37:11 (1.77 MB/s) - ‘OSquery-result.xml’ saved [1584960]

./dhusget.sh: line 214: export: add_offline_product_to_list: not a function
--2020-05-15 18:52:10--  https://s5phub.copernicus.eu/dhus/search?q=%20producttype:L2__CH4___%20AND%20%20beginPosition:[2018-04-01T00:00:00.000Z%20TO%202020-04-01T00:00:00.000Z]%20%20&rows=100&start=1100
Resolving s5phub.copernicus.eu (s5phub.copernicus.eu)... 195.251.26.46
Connecting to s5phub.copernicus.eu (s5phub.copernicus.eu)|195.251.26.46|:443... connected.
HTTP request sent, awaiting response... 401 Unauthorized
Reusing existing connection to s5phub.copernicus.eu:443.
HTTP request sent, awaiting response... 200 OK
Length: unspecified [application/xml]
Saving to: ‘OSquery-result.xml’

     0K .......... .......... .......... .......... ..........  206K
    50K .......... .......... .......... .......... ..........  414K
   100K .......... .......... .......... .......... .......... 47.3M
   150K .......... .......... .......... .......... ..........  414K
   200K .......... .......... .......... .......... ..........  404K
   250K .......... .......... .......... .......... ..........  424K
   300K .......... .......... .......... .......... ..........  414K
   350K .......... .......... .......... .......... ..........  414K
   400K .......... .......... .......... .......... ..........  414K
   450K .......... .......... .......... .......... .......... 12.9M
   500K .......... .......... .......... .......... ..........  421K
   550K .......... .......... .......... .......... .......... 35.8M
   600K .......... .......... .......... .......... .......... 44.6M
   650K .......... .......... .......... .......... ..........  412K
   700K .......... .......... .......... .......... .......... 52.6M
   750K .......... .......... .......... .......... .......... 53.0M
   800K .......... .......... .......... .......... .......... 47.4M
   850K .......... .......... .......... .......... .......... 13.1M
   900K .......... .......... .......... .......... .......... 52.1M
   950K .......... .......... .......... .......... ..........  456K
  1000K .......... .......... .......... .......... .......... 45.8M
  1050K .......... .......... .......... .......... .......... 51.3M
  1100K .......... .......... .......... .......... .......... 11.0M
  1150K .......... .......... .......... .......... .......... 53.3M
  1200K .......... .......... .......... .......... .......... 48.0M
  1250K .......... .......... .......... .......... .......... 51.9M
  1300K .......... .......... .......... .......... .......... 12.5M
  1350K .......... .......... .......... .......... .......... 55.5M
  1400K .......... .......... .......... .......... .......... 53.7M
  1450K .......... .......... .......... .......... .......... 56.4M
  1500K .......... .......... .......... .......... .......    12.9M=1.5s

2020-05-15 18:52:12 (1.03 MB/s) - ‘OSquery-result.xml’ saved [1584278]

./dhusget.sh: line 214: export: add_offline_product_to_list: not a function
--2020-05-15 19:11:51--  https://s5phub.copernicus.eu/dhus/search?q=%20producttype:L2__CH4___%20AND%20%20beginPosition:[2018-04-01T00:00:00.000Z%20TO%202020-04-01T00:00:00.000Z]%20%20&rows=100&start=1200
Resolving s5phub.copernicus.eu (s5phub.copernicus.eu)... 195.251.26.46
Connecting to s5phub.copernicus.eu (s5phub.copernicus.eu)|195.251.26.46|:443... connected.
HTTP request sent, awaiting response... 401 Unauthorized
Reusing existing connection to s5phub.copernicus.eu:443.
HTTP request sent, awaiting response... 200 OK
Length: unspecified [application/xml]
Saving to: ‘OSquery-result.xml’

     0K .......... .......... .......... .......... ..........  409K
    50K .......... .......... .......... .......... ..........  411K
   100K .......... .......... .......... .......... ..........  411K
   150K .......... .......... .......... .......... ..........  411K
   200K .......... .......... .......... .......... .......... 44.2M
   250K .......... .......... .......... .......... ..........  411K
   300K .......... .......... .......... .......... ..........  409K
   350K .......... .......... .......... .......... ..........  410K
   400K .......... .......... .......... .......... ..........  410K
   450K .......... .......... .......... .......... .......... 36.6M
   500K .......... .......... .......... .......... ..........  411K
   550K .......... .......... .......... .......... ..........  412K
   600K .......... .......... .......... .......... ..........  411K
   650K .......... .......... .......... .......... .......... 50.9M
   700K .......... .......... .......... .......... ..........  411K
   750K .......... .......... .......... .......... ..........  406K
   800K .......... .......... .......... .......... ..........  411K
   850K .......... .......... .......... .......... ..........  411K
   900K .......... .......... .......... .......... .......... 48.2M
   950K .......... .......... .......... .......... ..........  411K
  1000K .......... .......... .......... .......... ..........  402K
  1050K .......... .......... .......... .......... ..........  420K
  1100K .......... .......... .......... .......... ..........  411K
  1150K .......... .......... .......... .......... .......... 14.9M
  1200K .......... .......... .......... .......... ..........  411K
  1250K .......... .......... .......... .......... ..........  416K
  1300K .......... .......... .......... .......... ..........  412K
  1350K .......... .......... .......... .......... .......... 17.8M
  1400K .......... .......... .......... .......... ..........  411K
  1450K .......... .......... .......... .......... ..........  417K
  1500K .......... .......... .......... .......... ........    395K=3.1s

2020-05-15 19:11:55 (507 KB/s) - ‘OSquery-result.xml’ saved [1585194]

./dhusget.sh: line 214: export: add_offline_product_to_list: not a function
--2020-05-15 19:38:34--  https://s5phub.copernicus.eu/dhus/search?q=%20producttype:L2__CH4___%20AND%20%20beginPosition:[2018-04-01T00:00:00.000Z%20TO%202020-04-01T00:00:00.000Z]%20%20&rows=100&start=1300
Resolving s5phub.copernicus.eu (s5phub.copernicus.eu)... 195.251.26.46
Connecting to s5phub.copernicus.eu (s5phub.copernicus.eu)|195.251.26.46|:443... connected.
HTTP request sent, awaiting response... 401 Unauthorized
Reusing existing connection to s5phub.copernicus.eu:443.
HTTP request sent, awaiting response... 200 OK
Length: unspecified [application/xml]
Saving to: ‘OSquery-result.xml’

     0K .......... .......... .......... .......... ..........  409K
    50K .......... .......... .......... .......... ..........  411K
   100K .......... .......... .......... .......... .......... 47.7M
   150K .......... .......... .......... .......... .......... 51.9M
   200K .......... .......... .......... .......... ..........  414K
   250K .......... .......... .......... .......... .......... 44.0M
   300K .......... .......... .......... .......... .......... 51.7M
   350K .......... .......... .......... .......... ..........  419K
   400K .......... .......... .......... .......... .......... 12.7M
   450K .......... .......... .......... .......... .......... 56.2M
   500K .......... .......... .......... .......... .......... 56.7M
   550K .......... .......... .......... .......... .......... 56.1M
   600K .......... .......... .......... .......... .......... 50.6M
   650K .......... .......... .......... .......... .......... 48.3M
   700K .......... .......... .......... .......... .......... 48.8M
   750K .......... .......... .......... .......... ..........  445K
   800K .......... .......... .......... .......... .......... 40.3M
   850K .......... .......... .......... .......... .......... 51.2M
   900K .......... .......... .......... .......... .......... 51.9M
   950K .......... .......... .......... .......... .......... 51.7M
  1000K .......... .......... .......... .......... .......... 12.4M
  1050K .......... .......... .......... .......... .......... 57.0M
  1100K .......... .......... .......... .......... .......... 49.1M
  1150K .......... .......... .......... .......... .......... 56.0M
  1200K .......... .......... .......... .......... .......... 52.3M
  1250K .......... .......... .......... .......... .......... 13.5M
  1300K .......... .......... .......... .......... ..........  468K
  1350K .......... .......... .......... .......... .......... 54.3M
  1400K .......... .......... .......... .......... .......... 46.5M
  1450K .......... .......... .......... .......... .......... 12.8M
  1500K .......... .......... .......... .......... ........   50.3M=0.7s

2020-05-15 19:38:36 (2.05 MB/s) - ‘OSquery-result.xml’ saved [1585250]

./dhusget.sh: line 214: export: add_offline_product_to_list: not a function
--2020-05-15 20:33:35--  https://s5phub.copernicus.eu/dhus/search?q=%20producttype:L2__CH4___%20AND%20%20beginPosition:[2018-04-01T00:00:00.000Z%20TO%202020-04-01T00:00:00.000Z]%20%20&rows=100&start=1400
Resolving s5phub.copernicus.eu (s5phub.copernicus.eu)... 195.251.26.46
Connecting to s5phub.copernicus.eu (s5phub.copernicus.eu)|195.251.26.46|:443... connected.
HTTP request sent, awaiting response... 401 Unauthorized
Reusing existing connection to s5phub.copernicus.eu:443.
HTTP request sent, awaiting response... 200 OK
Length: unspecified [application/xml]
Saving to: ‘OSquery-result.xml’

     0K .......... .......... .......... .......... ..........  402K
    50K .......... .......... .......... .......... ..........  404K
   100K .......... .......... .......... .......... .......... 45.6M
   150K .......... .......... .......... .......... .......... 50.8M
   200K .......... .......... .......... .......... ..........  407K
   250K .......... .......... .......... .......... .......... 49.9M
   300K .......... .......... .......... .......... .......... 51.5M
   350K .......... .......... .......... .......... ..........  412K
   400K .......... .......... .......... .......... .......... 42.7M
   450K .......... .......... .......... .......... .......... 47.2M
   500K .......... .......... .......... .......... .......... 47.7M
   550K .......... .......... .......... .......... .......... 50.9M
   600K .......... .......... .......... .......... .......... 46.4M
   650K .......... .......... .......... .......... .......... 51.5M
   700K .......... .......... .......... .......... .......... 44.4M
   750K .......... .......... .......... .......... ..........  428K
   800K .......... .......... .......... .......... .......... 43.8M
   850K .......... .......... .......... .......... .......... 48.2M
   900K .......... .......... .......... .......... .......... 49.9M
   950K .......... .......... .......... .......... .......... 50.5M
  1000K .......... .......... .......... .......... .......... 45.3M
  1050K .......... .......... .......... .......... .......... 51.7M
  1100K .......... .......... .......... .......... .......... 44.9M
  1150K .......... .......... .......... .......... .......... 51.4M
  1200K .......... .......... .......... .......... .......... 48.5M
  1250K .......... .......... .......... .......... .......... 51.6M
  1300K .......... .......... .......... .......... .......... 51.8M
  1350K .......... .......... .......... .......... ..........  443K
  1400K .......... .......... .......... .......... .......... 43.3M
  1450K .......... .......... .......... .......... .......... 51.2M
  1500K .......... .......... .......... .......... .......    48.4M=0.7s

2020-05-15 20:33:37 (2.02 MB/s) - ‘OSquery-result.xml’ saved [1584202]

./dhusget.sh: line 214: export: add_offline_product_to_list: not a function
--2020-05-15 20:41:24--  https://s5phub.copernicus.eu/dhus/search?q=%20producttype:L2__CH4___%20AND%20%20beginPosition:[2018-04-01T00:00:00.000Z%20TO%202020-04-01T00:00:00.000Z]%20%20&rows=100&start=1500
Resolving s5phub.copernicus.eu (s5phub.copernicus.eu)... 195.251.26.46
Connecting to s5phub.copernicus.eu (s5phub.copernicus.eu)|195.251.26.46|:443... connected.
HTTP request sent, awaiting response... 401 Unauthorized
Reusing existing connection to s5phub.copernicus.eu:443.
HTTP request sent, awaiting response... 200 OK
Length: unspecified [application/xml]
Saving to: ‘OSquery-result.xml’

     0K .......... .......... .......... .......... ..........  207K
    50K .......... .......... .......... .......... ..........  414K
   100K .......... .......... .......... .......... .......... 46.8M
   150K .......... .......... .......... .......... ..........  419K
   200K .......... .......... .......... .......... .......... 41.5M
   250K .......... .......... .......... .......... .......... 52.3M
   300K .......... .......... .......... .......... .......... 54.7M
   350K .......... .......... .......... .......... .......... 54.9M
   400K .......... .......... .......... .......... ..........  413K
   450K .......... .......... .......... .......... .......... 50.5M
   500K .......... .......... .......... .......... .......... 50.1M
   550K .......... .......... .......... .......... .......... 43.1M
   600K .......... .......... .......... .......... .......... 12.9M
   650K .......... .......... .......... .......... .......... 53.0M
   700K .......... .......... .......... .......... .......... 55.7M
   750K .......... .......... .......... .......... .......... 55.5M
   800K .......... .......... .......... .......... ..........  467K
   850K .......... .......... .......... .......... .......... 12.6M
   900K .......... .......... .......... .......... .......... 47.4M
   950K .......... .......... .......... .......... .......... 42.3M
  1000K .......... .......... .......... .......... .......... 12.7M
  1050K .......... .......... .......... .......... .......... 51.3M
  1100K .......... .......... .......... .......... .......... 52.3M
  1150K .......... .......... .......... .......... .......... 54.5M
  1200K .......... .......... .......... .......... .......... 13.0M
  1250K .......... .......... .......... .......... .......... 55.6M
  1300K .......... .......... .......... .......... ..........  480K
  1350K .......... .......... .......... .......... .......... 48.5M
  1400K .......... .......... .......... .......... .......... 12.6M
  1450K .......... .......... .......... .......... .......... 50.8M
  1500K .......... .......... .......... .......... .........  51.7M=0.9s

2020-05-15 20:41:26 (1.77 MB/s) - ‘OSquery-result.xml’ saved [1586466]

./dhusget.sh: line 214: export: add_offline_product_to_list: not a function
--2020-05-15 20:48:42--  https://s5phub.copernicus.eu/dhus/search?q=%20producttype:L2__CH4___%20AND%20%20beginPosition:[2018-04-01T00:00:00.000Z%20TO%202020-04-01T00:00:00.000Z]%20%20&rows=100&start=1600
Resolving s5phub.copernicus.eu (s5phub.copernicus.eu)... 195.251.26.46
Connecting to s5phub.copernicus.eu (s5phub.copernicus.eu)|195.251.26.46|:443... connected.
HTTP request sent, awaiting response... 401 Unauthorized
Reusing existing connection to s5phub.copernicus.eu:443.
HTTP request sent, awaiting response... 200 OK
Length: unspecified [application/xml]
Saving to: ‘OSquery-result.xml’

     0K .......... .......... .......... .......... ..........  206K
    50K .......... .......... .......... .......... ..........  414K
   100K .......... .......... .......... .......... .......... 47.2M
   150K .......... .......... .......... .......... ..........  418K
   200K .......... .......... .......... .......... .......... 42.6M
   250K .......... .......... .......... .......... .......... 51.2M
   300K .......... .......... .......... .......... .......... 52.4M
   350K .......... .......... .......... .......... ..........  424K
   400K .......... .......... .......... .......... .......... 42.8M
   450K .......... .......... .......... .......... .......... 48.3M
   500K .......... .......... .......... .......... .......... 49.0M
   550K .......... .......... .......... .......... .......... 44.1M
   600K .......... .......... .......... .......... .......... 48.7M
   650K .......... .......... .......... .......... .......... 52.4M
   700K .......... .......... .......... .......... .......... 52.0M
   750K .......... .......... .......... .......... ..........  439K
   800K .......... .......... .......... .......... .......... 41.5M
   850K .......... .......... .......... .......... .......... 50.9M
   900K .......... .......... .......... .......... .......... 51.0M
   950K .......... .......... .......... .......... .......... 44.4M
  1000K .......... .......... .......... .......... .......... 48.5M
  1050K .......... .......... .......... .......... .......... 52.1M
  1100K .......... .......... .......... .......... .......... 52.4M
  1150K .......... .......... .......... .......... .......... 52.0M
  1200K .......... .......... .......... .......... .......... 47.5M
  1250K .......... .......... .......... .......... .......... 52.2M
  1300K .......... .......... .......... .......... .......... 45.5M
  1350K .......... .......... .......... .......... .......... 1.51M
  1400K .......... .......... .......... .......... .......... 47.9M
  1450K .......... .......... .......... .......... ..........  653K
  1500K .......... .......... .......... .......... ....       49.3M=0.8s

2020-05-15 20:48:44 (1.78 MB/s) - ‘OSquery-result.xml’ saved [1581784]

./dhusget.sh: line 214: export: add_offline_product_to_list: not a function
--2020-05-15 20:56:12--  https://s5phub.copernicus.eu/dhus/search?q=%20producttype:L2__CH4___%20AND%20%20beginPosition:[2018-04-01T00:00:00.000Z%20TO%202020-04-01T00:00:00.000Z]%20%20&rows=100&start=1700
Resolving s5phub.copernicus.eu (s5phub.copernicus.eu)... 195.251.26.46
Connecting to s5phub.copernicus.eu (s5phub.copernicus.eu)|195.251.26.46|:443... connected.
HTTP request sent, awaiting response... 401 Unauthorized
Reusing existing connection to s5phub.copernicus.eu:443.
HTTP request sent, awaiting response... 200 OK
Length: unspecified [application/xml]
Saving to: ‘OSquery-result.xml’

     0K .......... .......... .......... .......... ..........  200K
    50K .......... .......... .......... .......... ..........  401K
   100K .......... .......... .......... .......... .......... 46.1M
   150K .......... .......... .......... .......... .......... 12.5M
   200K .......... .......... .......... .......... ..........  414K
   250K .......... .......... .......... .......... .......... 49.9M
   300K .......... .......... .......... .......... .......... 50.4M
   350K .......... .......... .......... .......... ..........  398K
   400K .......... .......... .......... .......... .......... 46.5M
   450K .......... .......... .......... .......... .......... 51.0M
   500K .......... .......... .......... .......... .......... 50.7M
   550K .......... .......... .......... .......... .......... 50.3M
   600K .......... .......... .......... .......... .......... 12.6M
   650K .......... .......... .......... .......... .......... 52.3M
   700K .......... .......... .......... .......... .......... 54.8M
   750K .......... .......... .......... .......... ..........  446K
   800K .......... .......... .......... .......... .......... 12.3M
   850K .......... .......... .......... .......... .......... 48.8M
   900K .......... .......... .......... .......... .......... 49.6M
   950K .......... .......... .......... .......... .......... 49.0M
  1000K .......... .......... .......... .......... .......... 12.6M
  1050K .......... .......... .......... .......... .......... 52.1M
  1100K .......... .......... .......... .......... .......... 47.1M
  1150K .......... .......... .......... .......... .......... 54.2M
  1200K .......... .......... .......... .......... .......... 12.8M
  1250K .......... .......... .......... .......... .......... 53.9M
  1300K .......... .......... .......... .......... ..........  469K
  1350K .......... .......... .......... .......... .......... 48.1M
  1400K .......... .......... .......... .......... .......... 12.4M
  1450K .......... .......... .......... .......... .......... 50.5M
  1500K .......... .......... .......... .......... .......    48.2M=0.9s

2020-05-15 20:56:14 (1.71 MB/s) - ‘OSquery-result.xml’ saved [1584474]

./dhusget.sh: line 214: export: add_offline_product_to_list: not a function
--2020-05-15 21:03:30--  https://s5phub.copernicus.eu/dhus/search?q=%20producttype:L2__CH4___%20AND%20%20beginPosition:[2018-04-01T00:00:00.000Z%20TO%202020-04-01T00:00:00.000Z]%20%20&rows=100&start=1800
Resolving s5phub.copernicus.eu (s5phub.copernicus.eu)... 195.251.26.46
Connecting to s5phub.copernicus.eu (s5phub.copernicus.eu)|195.251.26.46|:443... connected.
HTTP request sent, awaiting response... 401 Unauthorized
Reusing existing connection to s5phub.copernicus.eu:443.
HTTP request sent, awaiting response... 200 OK
Length: unspecified [application/xml]
Saving to: ‘OSquery-result.xml’

     0K .......... .......... .......... .......... ..........  201K
    50K .......... .......... .......... .......... ..........  419K
   100K .......... .......... .......... .......... .......... 43.9M
   150K .......... .......... .......... .......... .......... 19.2M
   200K .......... .......... .......... .......... ..........  406K
   250K .......... .......... .......... .......... .......... 47.5M
   300K .......... .......... .......... .......... .......... 51.4M
   350K .......... .......... .......... .......... .......... 52.0M
   400K .......... .......... .......... .......... ..........  420K
   450K .......... .......... .......... .......... .......... 49.3M
   500K .......... .......... .......... .......... .......... 51.8M
   550K .......... .......... .......... .......... .......... 51.6M
   600K .......... .......... .......... .......... .......... 12.7M
   650K .......... .......... .......... .......... .......... 51.3M
   700K .......... .......... .......... .......... .......... 55.6M
   750K .......... .......... .......... .......... .......... 48.1M
   800K .......... .......... .......... .......... .......... 13.0M
   850K .......... .......... .......... .......... ..........  469K
   900K .......... .......... .......... .......... .......... 50.7M
   950K .......... .......... .......... .......... .......... 22.0M
  1000K .......... .......... .......... .......... .......... 12.3M
  1050K .......... .......... .......... .......... .......... 54.5M
  1100K .......... .......... .......... .......... .......... 57.3M
  1150K .......... .......... .......... .......... .......... 48.1M
  1200K .......... .......... .......... .......... .......... 12.9M
  1250K .......... .......... .......... .......... ..........  435K
  1300K .......... .......... .......... .......... .......... 51.8M
  1350K .......... .......... .......... .......... .......... 52.1M
  1400K .......... .......... .......... .......... .......... 12.3M
  1450K .......... .......... .......... .......... .......... 55.6M
  1500K .......... .......... .......... .......... ........   55.7M=0.9s

2020-05-15 21:03:32 (1.73 MB/s) - ‘OSquery-result.xml’ saved [1585373]

./dhusget.sh: line 214: export: add_offline_product_to_list: not a function
--2020-05-15 21:10:25--  https://s5phub.copernicus.eu/dhus/search?q=%20producttype:L2__CH4___%20AND%20%20beginPosition:[2018-04-01T00:00:00.000Z%20TO%202020-04-01T00:00:00.000Z]%20%20&rows=100&start=1900
Resolving s5phub.copernicus.eu (s5phub.copernicus.eu)... 195.251.26.46
Connecting to s5phub.copernicus.eu (s5phub.copernicus.eu)|195.251.26.46|:443... connected.
HTTP request sent, awaiting response... 401 Unauthorized
Reusing existing connection to s5phub.copernicus.eu:443.
HTTP request sent, awaiting response... 200 OK
Length: unspecified [application/xml]
Saving to: ‘OSquery-result.xml’

     0K .......... .......... .......... .......... ..........  209K
    50K .......... .......... .......... .......... ..........  418K
   100K .......... .......... .......... .......... .......... 47.6M
   150K .......... .......... .......... .......... ..........  422K
   200K .......... .......... .......... .......... .......... 43.4M
   250K .......... .......... .......... .......... .......... 51.2M
   300K .......... .......... .......... .......... .......... 52.2M
   350K .......... .......... .......... .......... .......... 52.3M
   400K .......... .......... .......... .......... ..........  428K
   450K .......... .......... .......... .......... .......... 40.1M
   500K .......... .......... .......... .......... .......... 49.9M
   550K .......... .......... .......... .......... .......... 43.1M
   600K .......... .......... .......... .......... .......... 48.0M
   650K .......... .......... .......... .......... .......... 12.1M
   700K .......... .......... .......... .......... .......... 50.9M
   750K .......... .......... .......... .......... .......... 50.7M
   800K .......... .......... .......... .......... ..........  460K
   850K .......... .......... .......... .......... .......... 50.3M
   900K .......... .......... .......... .......... .......... 43.1M
   950K .......... .......... .......... .......... .......... 44.4M
  1000K .......... .......... .......... .......... .......... 46.7M
  1050K .......... .......... .......... .......... .......... 12.0M
  1100K .......... .......... .......... .......... .......... 51.0M
  1150K .......... .......... .......... .......... .......... 50.8M
  1200K .......... .......... .......... .......... .......... 46.8M
  1250K .......... .......... .......... .......... .......... 13.0M
  1300K .......... .......... .......... .......... .......... 49.0M
  1350K .......... .......... .......... .......... ..........  481K
  1400K .......... .......... .......... .......... .......... 45.8M
  1450K .......... .......... .......... .......... .......... 12.4M
  1500K .......... .......... .......... ..                    51.0M=0.8s

2020-05-15 21:10:26 (1.77 MB/s) - ‘OSquery-result.xml’ saved [1569046]

./dhusget.sh: line 214: export: add_offline_product_to_list: not a function
--2020-05-15 21:17:34--  https://s5phub.copernicus.eu/dhus/search?q=%20producttype:L2__CH4___%20AND%20%20beginPosition:[2018-04-01T00:00:00.000Z%20TO%202020-04-01T00:00:00.000Z]%20%20&rows=100&start=2000
Resolving s5phub.copernicus.eu (s5phub.copernicus.eu)... 195.251.26.46
Connecting to s5phub.copernicus.eu (s5phub.copernicus.eu)|195.251.26.46|:443... connected.
HTTP request sent, awaiting response... 401 Unauthorized
Reusing existing connection to s5phub.copernicus.eu:443.
HTTP request sent, awaiting response... 200 OK
Length: unspecified [application/xml]
Saving to: ‘OSquery-result.xml’

     0K .......... .......... .......... .......... ..........  201K
    50K .......... .......... .......... .......... ..........  404K
   100K .......... .......... .......... .......... .......... 48.1M
   150K .......... .......... .......... .......... .......... 55.9M
   200K .......... .......... .......... .......... ..........  407K
   250K .......... .......... .......... .......... .......... 50.7M
   300K .......... .......... .......... .......... .......... 44.5M
   350K .......... .......... .......... .......... ..........  412K
   400K .......... .......... .......... .......... .......... 45.3M
   450K .......... .......... .......... .......... .......... 51.2M
   500K .......... .......... .......... .......... .......... 52.0M
   550K .......... .......... .......... .......... .......... 54.0M
   600K .......... .......... .......... .......... .......... 49.2M
   650K .......... .......... .......... .......... .......... 47.7M
   700K .......... .......... .......... .......... .......... 54.5M
   750K .......... .......... .......... .......... ..........  428K
   800K .......... .......... .......... .......... .......... 40.1M
   850K .......... .......... .......... .......... .......... 48.8M
   900K .......... .......... .......... .......... .......... 8.76M
   950K .......... .......... .......... .......... .......... 49.9M
  1000K .......... .......... .......... .......... .......... 46.1M
  1050K .......... .......... .......... .......... .......... 43.9M
  1100K .......... .......... .......... .......... .......... 51.4M
  1150K .......... .......... .......... .......... .......... 53.8M
  1200K .......... .......... .......... .......... .......... 12.6M
  1250K .......... .......... .......... .......... .......... 53.8M
  1300K .......... .......... .......... .......... .......... 54.1M
  1350K .......... .......... .......... .......... .......... 1.94M
  1400K .......... .......... .......... .......... .......... 42.4M
  1450K .......... .......... .......... .......... ..........  632K
  1500K .......... .......... .......... ......                40.2M=0.9s

2020-05-15 21:17:36 (1.73 MB/s) - ‘OSquery-result.xml’ saved [1573261]

./dhusget.sh: line 214: export: add_offline_product_to_list: not a function
--2020-05-15 21:35:24--  https://s5phub.copernicus.eu/dhus/search?q=%20producttype:L2__CH4___%20AND%20%20beginPosition:[2018-04-01T00:00:00.000Z%20TO%202020-04-01T00:00:00.000Z]%20%20&rows=100&start=2100
Resolving s5phub.copernicus.eu (s5phub.copernicus.eu)... 195.251.26.46
Connecting to s5phub.copernicus.eu (s5phub.copernicus.eu)|195.251.26.46|:443... connected.
HTTP request sent, awaiting response... 401 Unauthorized
Reusing existing connection to s5phub.copernicus.eu:443.
HTTP request sent, awaiting response... 200 OK
Length: unspecified [application/xml]
Saving to: ‘OSquery-result.xml’

     0K .......... .......... .......... .......... ..........  205K
    50K .......... .......... .......... .......... ..........  410K
   100K .......... .......... .......... .......... ..........  411K
   150K .......... .......... .......... .......... ..........  410K
   200K .......... .......... .......... .......... .......... 40.2M
   250K .......... .......... .......... .......... ..........  411K
   300K .......... .......... .......... .......... ..........  411K
   350K .......... .......... .......... .......... ..........  411K
   400K .......... .......... .......... .......... ..........  411K
   450K .......... .......... .......... .......... .......... 43.6M
   500K .......... .......... .......... .......... ..........  401K
   550K .......... .......... .......... .......... .......... 48.8M
   600K .......... .......... .......... .......... .......... 45.9M
   650K .......... .......... .......... .......... ..........  431K
   700K .......... .......... .......... .......... .......... 10.6M
   750K .......... .......... .......... .......... .......... 40.5M
   800K .......... .......... .......... .......... .......... 47.7M
   850K .......... .......... .......... .......... .......... 50.4M
   900K .......... .......... .......... .......... .......... 50.5M
   950K .......... .......... .......... .......... .......... 12.8M
  1000K .......... .......... .......... .......... ..........  456K
  1050K .......... .......... .......... .......... .......... 49.0M
  1100K .......... .......... .......... .......... .......... 50.2M
  1150K .......... .......... .......... .......... .......... 8.48M
  1200K .......... .......... .......... .......... .......... 47.5M
  1250K .......... .......... .......... .......... .......... 50.5M
  1300K .......... .......... .......... .......... .......... 50.0M
  1350K .......... .......... .......... .......... ..........  428K
  1400K .......... .......... .......... .......... .......... 45.5M
  1450K .......... .......... .......... .......... .......... 50.6M
  1500K .......... .......... ...                              44.9M=1.6s

2020-05-15 21:35:26 (956 KB/s) - ‘OSquery-result.xml’ saved [1560222]

./dhusget.sh: line 214: export: add_offline_product_to_list: not a function
--2020-05-15 21:48:51--  https://s5phub.copernicus.eu/dhus/search?q=%20producttype:L2__CH4___%20AND%20%20beginPosition:[2018-04-01T00:00:00.000Z%20TO%202020-04-01T00:00:00.000Z]%20%20&rows=100&start=2200
Resolving s5phub.copernicus.eu (s5phub.copernicus.eu)... 195.251.26.46
Connecting to s5phub.copernicus.eu (s5phub.copernicus.eu)|195.251.26.46|:443... connected.
HTTP request sent, awaiting response... 401 Unauthorized
Reusing existing connection to s5phub.copernicus.eu:443.
HTTP request sent, awaiting response... 200 OK
Length: unspecified [application/xml]
Saving to: ‘OSquery-result.xml’

     0K .......... .......... .......... .......... ..........  209K
    50K .......... .......... .......... .......... ..........  417K
   100K .......... .......... .......... .......... ..........  419K
   150K .......... .......... .......... .......... .......... 45.4M
   200K .......... .......... .......... .......... ..........  418K
   250K .......... .......... .......... .......... ..........  418K
   300K .......... .......... .......... .......... ..........  418K
   350K .......... .......... .......... .......... ..........  418K
   400K .......... .......... .......... .......... ..........  418K
   450K .......... .......... .......... .......... ..........  418K
   500K .......... .......... .......... .......... .......... 44.9M
   550K .......... .......... .......... .......... ..........  419K
   600K .......... .......... .......... .......... ..........  418K
   650K .......... .......... .......... .......... ..........  419K
   700K .......... .......... .......... .......... .......... 47.6M
   750K .......... .......... .......... .......... ..........  418K
   800K .......... .......... .......... .......... ..........  417K
   850K .......... .......... .......... .......... ..........  419K
   900K .......... .......... .......... .......... ..........  419K
   950K .......... .......... .......... .......... .......... 44.7M
  1000K .......... .......... .......... .......... ..........  419K
  1050K .......... .......... .......... .......... ..........  409K
  1100K .......... .......... .......... .......... ..........  428K
  1150K .......... .......... .......... .......... .......... 14.4M
  1200K .......... .......... .......... .......... ..........  418K
  1250K .......... .......... .......... .......... ..........  419K
  1300K .......... .......... .......... .......... ..........  427K
  1350K .......... .......... .......... .......... ..........  419K
  1400K .......... .......... .......... .......... .......... 9.53M
  1450K .......... .......... .......... .......... ..........  419K
  1500K .......... .......... .......... ......                 314K=3.1s

2020-05-15 21:48:55 (493 KB/s) - ‘OSquery-result.xml’ saved [1573060]

./dhusget.sh: line 214: export: add_offline_product_to_list: not a function
--2020-05-15 22:23:24--  https://s5phub.copernicus.eu/dhus/search?q=%20producttype:L2__CH4___%20AND%20%20beginPosition:[2018-04-01T00:00:00.000Z%20TO%202020-04-01T00:00:00.000Z]%20%20&rows=100&start=2300
Resolving s5phub.copernicus.eu (s5phub.copernicus.eu)... 195.251.26.46
Connecting to s5phub.copernicus.eu (s5phub.copernicus.eu)|195.251.26.46|:443... connected.
HTTP request sent, awaiting response... 401 Unauthorized
Reusing existing connection to s5phub.copernicus.eu:443.
HTTP request sent, awaiting response... 200 OK
Length: unspecified [application/xml]
Saving to: ‘OSquery-result.xml’

     0K .......... .......... .......... .......... ..........  201K
    50K .......... .......... .......... .......... ..........  403K
   100K .......... .......... .......... .......... .......... 49.9M
   150K .......... .......... .......... .......... ..........  404K
   200K .......... .......... .......... .......... ..........  395K
   250K .......... .......... .......... .......... ..........  413K
   300K .......... .......... .......... .......... ..........  404K
   350K .......... .......... .......... .......... .......... 14.3M
   400K .......... .......... .......... .......... ..........  395K
   450K .......... .......... .......... .......... ..........  422K
   500K .......... .......... .......... .......... ..........  403K
   550K .......... .......... .......... .......... ..........  404K
   600K .......... .......... .......... .......... .......... 13.0M
   650K .......... .......... .......... .......... ..........  404K
   700K .......... .......... .......... .......... ..........  412K
   750K .......... .......... .......... .......... ..........  404K
   800K .......... .......... .......... .......... .......... 12.7M
   850K .......... .......... .......... .......... ..........  402K
   900K .......... .......... .......... .......... ..........  412K
   950K .......... .......... .......... .......... ..........  402K
  1000K .......... .......... .......... .......... ..........  404K
  1050K .......... .......... .......... .......... .......... 12.5M
  1100K .......... .......... .......... .......... ..........  404K
  1150K .......... .......... .......... .......... ..........  413K
  1200K .......... .......... .......... .......... ..........  404K
  1250K .......... .......... .......... .......... .......... 7.36M
  1300K .......... .......... .......... .......... ..........  412K
  1350K .......... .......... .......... .......... ..........  403K
  1400K .......... .......... .......... .......... ..........  411K
  1450K .......... .......... .......... .......... ..........  404K
  1500K .......... .......... .......... ...                   9.15M=3.1s

2020-05-15 22:23:28 (493 KB/s) - ‘OSquery-result.xml’ saved [1570651]

./dhusget.sh: line 214: export: add_offline_product_to_list: not a function
--2020-05-15 22:35:18--  https://s5phub.copernicus.eu/dhus/search?q=%20producttype:L2__CH4___%20AND%20%20beginPosition:[2018-04-01T00:00:00.000Z%20TO%202020-04-01T00:00:00.000Z]%20%20&rows=100&start=2400
Resolving s5phub.copernicus.eu (s5phub.copernicus.eu)... 195.251.26.46
Connecting to s5phub.copernicus.eu (s5phub.copernicus.eu)|195.251.26.46|:443... connected.
HTTP request sent, awaiting response... 401 Unauthorized
Reusing existing connection to s5phub.copernicus.eu:443.
HTTP request sent, awaiting response... 200 OK
Length: unspecified [application/xml]
Saving to: ‘OSquery-result.xml’

     0K .......... .......... .......... .......... ..........  204K
    50K .......... .......... .......... .......... ..........  409K
   100K .......... .......... .......... .......... ..........  409K
   150K .......... .......... .......... .......... .......... 39.4M
   200K .......... .......... .......... .......... ..........  410K
   250K .......... .......... .......... .......... ..........  410K
   300K .......... .......... .......... .......... ..........  409K
   350K .......... .......... .......... .......... .......... 40.7M
   400K .......... .......... .......... .......... ..........  410K
   450K .......... .......... .......... .......... ..........  410K
   500K .......... .......... .......... .......... .......... 48.6M
   550K .......... .......... .......... .......... .......... 42.5M
   600K .......... .......... .......... .......... ..........  419K
   650K .......... .......... .......... .......... .......... 48.3M
   700K .......... .......... .......... .......... .......... 49.1M
   750K .......... .......... .......... .......... .......... 38.0M
   800K .......... .......... .......... .......... .......... 49.1M
   850K .......... .......... .......... .......... .......... 52.3M
   900K .......... .......... .......... .......... .......... 51.9M
   950K .......... .......... .......... .......... .......... 43.6M
  1000K .......... .......... .......... .......... ..........  433K
  1050K .......... .......... .......... .......... .......... 52.5M
  1100K .......... .......... .......... .......... .......... 51.1M
  1150K .......... .......... .......... .......... .......... 38.6M
  1200K .......... .......... .......... .......... .......... 45.2M
  1250K .......... .......... .......... .......... .......... 51.8M
  1300K .......... .......... .......... .......... .......... 52.1M
  1350K .......... .......... .......... .......... .......... 43.2M
  1400K .......... .......... .......... .......... ..........  436K
  1450K .......... .......... .......... .......... .......... 50.8M
  1500K .......... .......... .......... .......... .          49.3M=1.5s

2020-05-15 22:35:21 (1.02 MB/s) - ‘OSquery-result.xml’ saved [1578770]

./dhusget.sh: line 214: export: add_offline_product_to_list: not a function
--2020-05-15 22:52:04--  https://s5phub.copernicus.eu/dhus/search?q=%20producttype:L2__CH4___%20AND%20%20beginPosition:[2018-04-01T00:00:00.000Z%20TO%202020-04-01T00:00:00.000Z]%20%20&rows=100&start=2500
Resolving s5phub.copernicus.eu (s5phub.copernicus.eu)... 195.251.26.46
Connecting to s5phub.copernicus.eu (s5phub.copernicus.eu)|195.251.26.46|:443... connected.
HTTP request sent, awaiting response... 401 Unauthorized
Reusing existing connection to s5phub.copernicus.eu:443.
HTTP request sent, awaiting response... 200 OK
Length: unspecified [application/xml]
Saving to: ‘OSquery-result.xml’

     0K .......... .......... .......... .......... ..........  201K
    50K .......... .......... .......... .......... ..........  404K
   100K .......... .......... .......... .......... .......... 47.3M
   150K .......... .......... .......... .......... .......... 51.7M
   200K .......... .......... .......... .......... ..........  407K
   250K .......... .......... .......... .......... .......... 51.7M
   300K .......... .......... .......... .......... .......... 51.8M
   350K .......... .......... .......... .......... .......... 52.3M
   400K .......... .......... .......... .......... ..........  412K
   450K .......... .......... .......... .......... .......... 12.7M
   500K .......... .......... .......... .......... .......... 51.8M
   550K .......... .......... .......... .......... .......... 52.3M
   600K .......... .......... .......... .......... .......... 46.9M
   650K .......... .......... .......... .......... .......... 43.9M
   700K .......... .......... .......... .......... .......... 52.1M
   750K .......... .......... .......... .......... .......... 45.3M
   800K .......... .......... .......... .......... ..........  440K
   850K .......... .......... .......... .......... .......... 12.8M
   900K .......... .......... .......... .......... .......... 52.7M
   950K .......... .......... .......... .......... .......... 53.0M
  1000K .......... .......... .......... .......... .......... 48.1M
  1050K .......... .......... .......... .......... .......... 13.3M
  1100K .......... .......... .......... .......... .......... 52.4M
  1150K .......... .......... .......... .......... .......... 48.1M
  1200K .......... .......... .......... .......... .......... 53.6M
  1250K .......... .......... .......... .......... .......... 13.3M
  1300K .......... .......... .......... .......... .......... 56.2M
  1350K .......... .......... .......... .......... ..........  470K
  1400K .......... .......... .......... .......... .......... 46.5M
  1450K .......... .......... .......... .......... .......... 13.1M
  1500K .......... .......... .......... .......... ...        50.9M=0.9s

2020-05-15 22:52:06 (1.72 MB/s) - ‘OSquery-result.xml’ saved [1580137]

./dhusget.sh: line 214: export: add_offline_product_to_list: not a function
--2020-05-15 22:59:21--  https://s5phub.copernicus.eu/dhus/search?q=%20producttype:L2__CH4___%20AND%20%20beginPosition:[2018-04-01T00:00:00.000Z%20TO%202020-04-01T00:00:00.000Z]%20%20&rows=100&start=2600
Resolving s5phub.copernicus.eu (s5phub.copernicus.eu)... 195.251.26.46
Connecting to s5phub.copernicus.eu (s5phub.copernicus.eu)|195.251.26.46|:443... connected.
HTTP request sent, awaiting response... 401 Unauthorized
Reusing existing connection to s5phub.copernicus.eu:443.
HTTP request sent, awaiting response... 200 OK
Length: unspecified [application/xml]
Saving to: ‘OSquery-result.xml’

     0K .......... .......... .......... .......... ..........  201K
    50K .......... .......... .......... .......... ..........  403K
   100K .......... .......... .......... .......... .......... 49.1M
   150K .......... .......... .......... .......... .......... 52.6M
   200K .......... .......... .......... .......... ..........  408K
   250K .......... .......... .......... .......... .......... 50.7M
   300K .......... .......... .......... .......... .......... 51.6M
   350K .......... .......... .......... .......... ..........  412K
   400K .......... .......... .......... .......... .......... 39.3M
   450K .......... .......... .......... .......... .......... 52.4M
   500K .......... .......... .......... .......... .......... 53.9M
   550K .......... .......... .......... .......... .......... 55.1M
   600K .......... .......... .......... .......... .......... 50.2M
   650K .......... .......... .......... .......... .......... 55.5M
   700K .......... .......... .......... .......... .......... 55.7M
   750K .......... .......... .......... .......... ..........  427K
   800K .......... .......... .......... .......... .......... 42.2M
   850K .......... .......... .......... .......... .......... 50.7M
   900K .......... .......... .......... .......... .......... 11.2M
   950K .......... .......... .......... .......... .......... 52.1M
  1000K .......... .......... .......... .......... .......... 47.5M
  1050K .......... .......... .......... .......... .......... 52.5M
  1100K .......... .......... .......... .......... .......... 52.3M
  1150K .......... .......... .......... .......... .......... 44.8M
  1200K .......... .......... .......... .......... .......... 12.9M
  1250K .......... .......... .......... .......... .......... 55.8M
  1300K .......... .......... .......... .......... .......... 56.5M
  1350K .......... .......... .......... .......... .......... 56.9M
  1400K .......... .......... .......... .......... ..........  466K
  1450K .......... .......... .......... .......... .......... 52.2M
  1500K .......... .......... .......... .......... ..         51.7M=0.9s

2020-05-15 22:59:23 (1.73 MB/s) - ‘OSquery-result.xml’ saved [1579138]

./dhusget.sh: line 214: export: add_offline_product_to_list: not a function
--2020-05-15 23:08:24--  https://s5phub.copernicus.eu/dhus/search?q=%20producttype:L2__CH4___%20AND%20%20beginPosition:[2018-04-01T00:00:00.000Z%20TO%202020-04-01T00:00:00.000Z]%20%20&rows=100&start=2700
Resolving s5phub.copernicus.eu (s5phub.copernicus.eu)... 195.251.26.46
Connecting to s5phub.copernicus.eu (s5phub.copernicus.eu)|195.251.26.46|:443... connected.
HTTP request sent, awaiting response... 401 Unauthorized
Reusing existing connection to s5phub.copernicus.eu:443.
HTTP request sent, awaiting response... 200 OK
Length: unspecified [application/xml]
Saving to: ‘OSquery-result.xml’

     0K .......... .......... .......... .......... ..........  202K
    50K .......... .......... .......... .......... ..........  403K
   100K .......... .......... .......... .......... .......... 47.4M
   150K .......... .......... .......... .......... ..........  407K
   200K .......... .......... .......... .......... .......... 38.6M
   250K .......... .......... .......... .......... .......... 48.3M
   300K .......... .......... .......... .......... .......... 51.2M
   350K .......... .......... .......... .......... .......... 51.5M
   400K .......... .......... .......... .......... ..........  414K
   450K .......... .......... .......... .......... .......... 47.8M
   500K .......... .......... .......... .......... .......... 47.3M
   550K .......... .......... .......... .......... .......... 43.0M
   600K .......... .......... .......... .......... .......... 48.1M
   650K .......... .......... .......... .......... .......... 51.4M
   700K .......... .......... .......... .......... .......... 51.0M
   750K .......... .......... .......... .......... .......... 51.0M
   800K .......... .......... .......... .......... ..........  429K
   850K .......... .......... .......... .......... .......... 47.8M
   900K .......... .......... .......... .......... .......... 48.8M
   950K .......... .......... .......... .......... .......... 41.8M
  1000K .......... .......... .......... .......... .......... 44.5M
  1050K .......... .......... .......... .......... .......... 47.5M
  1100K .......... .......... .......... .......... .......... 50.1M
  1150K .......... .......... .......... .......... .......... 51.1M
  1200K .......... .......... .......... .......... .......... 46.7M
  1250K .......... .......... .......... .......... .......... 51.0M
  1300K .......... .......... .......... .......... .......... 43.7M
  1350K .......... .......... .......... .......... .......... 53.3M
  1400K .......... .......... .......... .......... .......... 52.2M
  1450K .......... .......... .......... .......... .......... 55.7M
  1500K .......... .......... .......... .......               54.6M=0.8s

2020-05-15 23:08:26 (1.98 MB/s) - ‘OSquery-result.xml’ saved [1574457]

./dhusget.sh: line 214: export: add_offline_product_to_list: not a function
--2020-05-15 23:30:36--  https://s5phub.copernicus.eu/dhus/search?q=%20producttype:L2__CH4___%20AND%20%20beginPosition:[2018-04-01T00:00:00.000Z%20TO%202020-04-01T00:00:00.000Z]%20%20&rows=100&start=2800
Resolving s5phub.copernicus.eu (s5phub.copernicus.eu)... 195.251.26.46
Connecting to s5phub.copernicus.eu (s5phub.copernicus.eu)|195.251.26.46|:443... connected.
HTTP request sent, awaiting response... 401 Unauthorized
Reusing existing connection to s5phub.copernicus.eu:443.
HTTP request sent, awaiting response... 200 OK
Length: unspecified [application/xml]
Saving to: ‘OSquery-result.xml’

     0K .......... .......... .......... .......... ..........  206K
    50K .......... .......... .......... .......... ..........  414K
   100K .......... .......... .......... .......... .......... 50.5M
   150K .......... .......... .......... .......... ..........  416K
   200K .......... .......... .......... .......... .......... 12.5M
   250K .......... .......... .......... .......... .......... 52.1M
   300K .......... .......... .......... .......... ..........  431K
   350K .......... .......... .......... .......... .......... 50.3M
   400K .......... .......... .......... .......... .......... 39.9M
   450K .......... .......... .......... .......... .......... 52.1M
   500K .......... .......... .......... .......... .......... 52.4M
   550K .......... .......... .......... .......... ..........  426K
   600K .......... .......... .......... .......... .......... 41.9M
   650K .......... .......... .......... .......... .......... 55.0M
   700K .......... .......... .......... .......... .......... 55.1M
   750K .......... .......... .......... .......... .......... 54.4M
   800K .......... .......... .......... .......... .......... 44.0M
   850K .......... .......... .......... .......... .......... 54.8M
   900K .......... .......... .......... .......... .......... 54.4M
   950K .......... .......... .......... .......... .......... 12.5M
  1000K .......... .......... .......... .......... .......... 54.8M
  1050K .......... .......... .......... .......... ..........  459K
  1100K .......... .......... .......... .......... .......... 48.6M
  1150K .......... .......... .......... .......... .......... 50.9M
  1200K .......... .......... .......... .......... .......... 12.6M
  1250K .......... .......... .......... .......... .......... 51.5M
  1300K .......... .......... .......... .......... .......... 44.7M
  1350K .......... .......... .......... .......... .......... 51.8M
  1400K .......... .......... .......... .......... .......... 12.9M
  1450K .......... .......... .......... .......... .......... 56.3M
  1500K .......... .......... .......... .......... ....       52.6M=0.9s

2020-05-15 23:30:38 (1.75 MB/s) - ‘OSquery-result.xml’ saved [1581199]

./dhusget.sh: line 214: export: add_offline_product_to_list: not a function
--2020-05-16 00:03:49--  https://s5phub.copernicus.eu/dhus/search?q=%20producttype:L2__CH4___%20AND%20%20beginPosition:[2018-04-01T00:00:00.000Z%20TO%202020-04-01T00:00:00.000Z]%20%20&rows=100&start=2900
Resolving s5phub.copernicus.eu (s5phub.copernicus.eu)... 195.251.26.46
Connecting to s5phub.copernicus.eu (s5phub.copernicus.eu)|195.251.26.46|:443... connected.
HTTP request sent, awaiting response... 401 Unauthorized
Reusing existing connection to s5phub.copernicus.eu:443.
HTTP request sent, awaiting response... 200 OK
Length: unspecified [application/xml]
Saving to: ‘OSquery-result.xml’

     0K .......... .......... .......... .......... ..........  201K
    50K .......... .......... .......... .......... ..........  404K
   100K .......... .......... .......... .......... .......... 51.2M
   150K .......... .......... .......... .......... ..........  403K
   200K .......... .......... .......... .......... ..........  404K
   250K .......... .......... .......... .......... ..........  403K
   300K .......... .......... .......... .......... ..........  404K
   350K .......... .......... .......... .......... ..........  404K
   400K .......... .......... .......... .......... ..........  403K
   450K .......... .......... .......... .......... ..........  403K
   500K .......... .......... .......... .......... ..........  403K
   550K .......... .......... .......... .......... ..........  404K
   600K .......... .......... .......... .......... ..........  403K
   650K .......... .......... .......... .......... ..........  403K
   700K .......... .......... .......... .......... ..........  399K
   750K .......... .......... .......... .......... .......... 37.9M
   800K .......... .......... .......... .......... ..........  405K
   850K .......... .......... .......... .......... ..........  404K
   900K .......... .......... .......... .......... ..........  404K
   950K .......... .......... .......... .......... .......... 40.0M
  1000K .......... .......... .......... .......... ..........  396K
  1050K .......... .......... .......... .......... ..........  405K
  1100K .......... .......... .......... .......... ..........  411K
  1150K .......... .......... .......... .......... ..........  404K
  1200K .......... .......... .......... .......... .......... 15.4M
  1250K .......... .......... .......... .......... ..........  404K
  1300K .......... .......... .......... .......... ..........  404K
  1350K .......... .......... .......... .......... .......... 39.6M
  1400K .......... .......... .......... .......... ..........  404K
  1450K .......... .......... .......... .......... ..........  404K
  1500K .......... .......... .......... ........               314K=3.4s

2020-05-16 00:03:53 (459 KB/s) - ‘OSquery-result.xml’ saved [1575612]

./dhusget.sh: line 214: export: add_offline_product_to_list: not a function
--2020-05-16 01:10:02--  https://s5phub.copernicus.eu/dhus/search?q=%20producttype:L2__CH4___%20AND%20%20beginPosition:[2018-04-01T00:00:00.000Z%20TO%202020-04-01T00:00:00.000Z]%20%20&rows=100&start=3000
Resolving s5phub.copernicus.eu (s5phub.copernicus.eu)... 195.251.26.46
Connecting to s5phub.copernicus.eu (s5phub.copernicus.eu)|195.251.26.46|:443... connected.
HTTP request sent, awaiting response... 401 Unauthorized
Reusing existing connection to s5phub.copernicus.eu:443.
HTTP request sent, awaiting response... 200 OK
Length: unspecified [application/xml]
Saving to: ‘OSquery-result.xml’

     0K .......... .......... .......... .......... ..........  205K
    50K .......... .......... .......... .......... ..........  411K
   100K .......... .......... .......... .......... ..........  410K
   150K .......... .......... .......... .......... ..........  411K
   200K .......... .......... .......... .......... .......... 44.4M
   250K .......... .......... .......... .......... ..........  411K
   300K .......... .......... .......... .......... ..........  410K
   350K .......... .......... .......... .......... ..........  206K
   400K .......... .......... .......... .......... .......... 43.4M
   450K .......... .......... .......... .......... ..........  411K
   500K .......... .......... .......... .......... ..........  411K
   550K .......... .......... .......... .......... ..........  411K
   600K .......... .......... .......... .......... .......... 44.7M
   650K .......... .......... .......... .......... ..........  411K
   700K .......... .......... .......... .......... ..........  412K
   750K .......... .......... .......... .......... ..........  401K
   800K .......... .......... .......... .......... ..........  421K
   850K .......... .......... .......... .......... .......... 12.9M
   900K .......... .......... .......... .......... ..........  411K
   950K .......... .......... .......... .......... ..........  420K
  1000K .......... .......... .......... .......... ..........  410K
  1050K .......... .......... .......... .......... .......... 13.6M
  1100K .......... .......... .......... .......... ..........  410K
  1150K .......... .......... .......... .......... ..........  411K
  1200K .......... .......... .......... .......... ..........  419K
  1250K .......... .......... .......... .......... ..........  410K
  1300K .......... .......... .......... .......... .......... 15.5M
  1350K .......... .......... .......... .......... ..........  411K
  1400K .......... .......... .......... .......... ..........  417K
  1450K .......... .......... .......... .......... ..........  411K
  1500K .......... .......... .                                8.68M=3.2s

2020-05-16 01:10:06 (479 KB/s) - ‘OSquery-result.xml’ saved [1557560]

./dhusget.sh: line 214: export: add_offline_product_to_list: not a function
--2020-05-16 02:22:30--  https://s5phub.copernicus.eu/dhus/search?q=%20producttype:L2__CH4___%20AND%20%20beginPosition:[2018-04-01T00:00:00.000Z%20TO%202020-04-01T00:00:00.000Z]%20%20&rows=100&start=3100
Resolving s5phub.copernicus.eu (s5phub.copernicus.eu)... 195.251.26.46
Connecting to s5phub.copernicus.eu (s5phub.copernicus.eu)|195.251.26.46|:443... connected.
HTTP request sent, awaiting response... 401 Unauthorized
Reusing existing connection to s5phub.copernicus.eu:443.
HTTP request sent, awaiting response... 200 OK
Length: unspecified [application/xml]
Saving to: ‘OSquery-result.xml’

     0K .......... .......... .......... .......... ..........  208K
    50K .......... .......... .......... .......... ..........  416K
   100K .......... .......... .......... .......... .......... 50.1M
   150K .......... .......... .......... .......... ..........  210K
   200K .......... .......... .......... .......... .......... 39.7M
   250K .......... .......... .......... .......... ..........  419K
   300K .......... .......... .......... .......... ..........  417K
   350K .......... .......... .......... .......... ..........  350K
   400K .......... .......... .......... .......... ..........  418K
   450K .......... .......... .......... .......... ..........  413K
   500K .......... .......... .......... .......... .......... 49.7M
   550K .......... .......... .......... .......... ..........  417K
   600K .......... .......... .......... .......... ..........  410K
   650K .......... .......... .......... .......... ..........  418K
   700K .......... .......... .......... .......... ..........  404K
   750K .......... .......... .......... .......... ..........  418K
   800K .......... .......... .......... .......... .......... 42.5M
   850K .......... .......... .......... .......... ..........  417K
   900K .......... .......... .......... .......... ..........  419K
   950K .......... .......... .......... .......... ..........  418K
  1000K .......... .......... .......... .......... ..........  409K
  1050K .......... .......... .......... .......... .......... 45.5M
  1100K .......... .......... .......... .......... ..........  420K
  1150K .......... .......... .......... .......... ..........  427K
  1200K .......... .......... .......... .......... ..........  418K
  1250K .......... .......... .......... .......... .......... 15.2M
  1300K .......... .......... .......... .......... ..........  418K
  1350K .......... .......... .......... .......... ..........  418K
  1400K .......... .......... .......... .......... ..........  423K
  1450K .......... .......... .......... .......... ..........  419K
  1500K .......... .......... ...                              51.7M=3.1s

2020-05-16 02:22:33 (484 KB/s) - ‘OSquery-result.xml’ saved [1560150]

slurmstepd: error: *** JOB 56273819 ON holyjacob05 CANCELLED AT 2020-05-16T02:25:31 DUE TO TIME LIMIT ***
