/n/seasasfs02/hnesser/TROPOMI/oversampling_input_csvs/201904_combined_latlim.csv
201904_combined_latlim.csv_oversampled
   Reading in: /n/seasasfs02/hnesser/TROPOMI/oversampling_input_csvs/201904_combined_latlim.csv
  ----------------------------------------------------------
  ----------------------------------------------------------
   Total pixels :      4707057
  ----------------------------------------------------------
   Domain parameters
   Lat range    :   -62.0000000       88.0000000    
   Lon range    :   -187.000000       187.000000    
   Resolution   :    9.99999978E-03
   Rows         :        15000
   Cols         :        37400
  ----------------------------------------------------------
   Finish (%):            2
   Finish (%):            4
   Finish (%):            6
   Finish (%):            8
   Finish (%):           11
   Finish (%):           13
   Finish (%):           15
   Finish (%):           17
   Finish (%):           19
   Finish (%):           21
   Finish (%):           23
   Finish (%):           25
   Finish (%):           28
   Finish (%):           30
   Finish (%):           32
   Finish (%):           34
   Finish (%):           36
   Finish (%):           38
   Finish (%):           40
   Finish (%):           42
   Finish (%):           45
   Finish (%):           47
   Finish (%):           49
   Finish (%):           51
   Finish (%):           53
   Finish (%):           55
   Finish (%):           57
   Finish (%):           59
   Finish (%):           62
   Finish (%):           64
   Finish (%):           66
   Finish (%):           68
   Finish (%):           70
   Finish (%):           72
   Finish (%):           74
   Finish (%):           76
   Finish (%):           79
   Finish (%):           81
   Finish (%):           83
   Finish (%):           85
   Finish (%):           87
   Finish (%):           89
   Finish (%):           91
   Finish (%):           93
   Finish (%):           96
   Finish (%):           98
   Finish (%):          100
  ----------------------------------------------------------
   Output saved at: /n/seasasfs02/hnesser/TROPOMI/oversampling_output_csvs/201904_combined_latlim.csv_oversampled
/n/seasasfs02/hnesser/TROPOMI/oversampling_input_csvs/201905_combined_latlim.csv
201905_combined_latlim.csv_oversampled
   Reading in: /n/seasasfs02/hnesser/TROPOMI/oversampling_input_csvs/201905_combined_latlim.csv
  ----------------------------------------------------------
  ----------------------------------------------------------
   Total pixels :      4651276
  ----------------------------------------------------------
   Domain parameters
   Lat range    :   -59.0000000       88.0000000    
   Lon range    :   -187.000000       187.000000    
   Resolution   :    9.99999978E-03
   Rows         :        14700
   Cols         :        37400
  ----------------------------------------------------------
   Finish (%):            2
   Finish (%):            4
   Finish (%):            6
   Finish (%):            9
   Finish (%):           11
   Finish (%):           13
   Finish (%):           15
   Finish (%):           17
   Finish (%):           19
   Finish (%):           21
   Finish (%):           24
   Finish (%):           26
   Finish (%):           28
   Finish (%):           30
   Finish (%):           32
   Finish (%):           34
   Finish (%):           37
   Finish (%):           39
   Finish (%):           41
   Finish (%):           43
   Finish (%):           45
   Finish (%):           47
   Finish (%):           49
   Finish (%):           52
   Finish (%):           54
   Finish (%):           56
   Finish (%):           58
   Finish (%):           60
   Finish (%):           62
   Finish (%):           64
   Finish (%):           67
   Finish (%):           69
   Finish (%):           71
   Finish (%):           73
   Finish (%):           75
   Finish (%):           77
   Finish (%):           80
   Finish (%):           82
   Finish (%):           84
   Finish (%):           86
   Finish (%):           88
   Finish (%):           90
   Finish (%):           92
   Finish (%):           95
   Finish (%):           97
   Finish (%):           99
  ----------------------------------------------------------
   Output saved at: /n/seasasfs02/hnesser/TROPOMI/oversampling_output_csvs/201905_combined_latlim.csv_oversampled
/n/seasasfs02/hnesser/TROPOMI/oversampling_input_csvs/201906_combined_latlim.csv
201906_combined_latlim.csv_oversampled
   Reading in: /n/seasasfs02/hnesser/TROPOMI/oversampling_input_csvs/201906_combined_latlim.csv
  ----------------------------------------------------------
  ----------------------------------------------------------
   Total pixels :      3946735
  ----------------------------------------------------------
   Domain parameters
   Lat range    :   -52.0000000       88.0000000    
   Lon range    :   -187.000000       187.000000    
   Resolution   :    9.99999978E-03
   Rows         :        14000
   Cols         :        37400
  ----------------------------------------------------------
   Finish (%):            3
   Finish (%):            5
   Finish (%):            8
   Finish (%):           10
   Finish (%):           13
   Finish (%):           15
   Finish (%):           18
   Finish (%):           20
   Finish (%):           23
   Finish (%):           25
   Finish (%):           28
   Finish (%):           30
   Finish (%):           33
   Finish (%):           35
   Finish (%):           38
   Finish (%):           41
   Finish (%):           43
   Finish (%):           46
   Finish (%):           48
   Finish (%):           51
   Finish (%):           53
   Finish (%):           56
   Finish (%):           58
   Finish (%):           61
   Finish (%):           63
   Finish (%):           66
   Finish (%):           68
   Finish (%):           71
   Finish (%):           73
   Finish (%):           76
   Finish (%):           79
   Finish (%):           81
   Finish (%):           84
   Finish (%):           86
   Finish (%):           89
   Finish (%):           91
   Finish (%):           94
   Finish (%):           96
   Finish (%):           99
  ----------------------------------------------------------
   Output saved at: /n/seasasfs02/hnesser/TROPOMI/oversampling_output_csvs/201906_combined_latlim.csv_oversampled
